<?xml version="1.0" encoding="UTF-8"?>
<testng-results ignored="0" total="1" passed="1" failed="0" skipped="0">
  <reporter-output>
  </reporter-output>
  <suite started-at="2024-10-08T18:00:27 IST" name="Default suite" finished-at="2024-10-08T18:00:32 IST" duration-ms="4377">
    <groups>
    </groups>
    <test started-at="2024-10-08T18:00:27 IST" name="Default test" finished-at="2024-10-08T18:00:32 IST" duration-ms="4377">
      <class name="baselibrary.Baselibrary">
        <test-method signature="lauch()[pri:0, instance:baselibrary.Baselibrary@290222c1]" started-at="2024-10-08T18:00:28 IST" name="lauch" finished-at="2024-10-08T18:00:32 IST" duration-ms="4287" status="PASS">
          <reporter-output>
          </reporter-output>
        </test-method> <!-- lauch -->
      </class> <!-- baselibrary.Baselibrary -->
    </test> <!-- Default test -->
  </suite> <!-- Default suite -->
</testng-results>
